2024-01-31 08:46:39,023 - ERROR - Некорректный логин или пароль
2024-01-31 08:47:38,423 - ERROR - Ошибка при загрузке данных: Expecting value: line 1 column 1 (char 0)
2024-01-31 08:47:44,570 - ERROR - Некорректный логин или пароль
2024-01-31 08:47:51,820 - WARNING - Неверный выбор. Попробуйте еще раз.
2024-01-31 08:50:06,653 - ERROR - Ошибка при загрузке данных: Expecting value: line 1 column 1 (char 0)
2024-01-31 08:50:27,691 - ERROR - Ошибка при загрузке данных: Expecting value: line 1 column 1 (char 0)
2024-01-31 08:50:35,669 - ERROR - Некорректный логин или пароль
2024-01-31 08:52:43,069 - ERROR - Ошибка при загрузке данных: Expecting value: line 1 column 1 (char 0)
2024-01-31 08:52:49,044 - ERROR - Некорректный логин или пароль
2024-01-31 08:52:50,778 - ERROR - Некорректный логин или пароль
2024-01-31 08:58:17,680 - ERROR - Ошибка при загрузке данных: Expecting value: line 1 column 1 (char 0)
2024-01-31 08:58:24,143 - ERROR - Некорректный логин или пароль. Правила для логина и пароля не соблюдены.
2024-01-31 08:59:46,487 - WARNING - Неверный логин или пароль. Попробуйте еще раз
2024-01-31 09:00:37,309 - WARNING - Неверный выбор. Попробуйте еще раз.
2024-01-31 09:01:40,074 - WARNING - Неверный выбор. Попробуйте еще раз.
2024-01-31 09:05:47,542 - ERROR - Ошибка при регистрации пользователя: 'utf-8' codec can't decode byte 0xd0 in position 2: invalid continuation byte
2024-01-31 09:06:33,268 - WARNING - Сумма пополнения не может быть отрицательной
2024-01-31 09:07:55,921 - WARNING - Пользователь с логином adaa не найден.
2024-01-31 09:12:10,946 - ERROR - Некорректный логин или пароль. Правила для логина и пароля не соблюдены.
2024-01-31 09:15:57,574 - ERROR - Некорректный логин или пароль. Правила для логина и пароля не соблюдены.
2024-01-31 09:16:20,696 - ERROR - Ошибка при входе в систему: 'utf-8' codec can't decode byte 0xd0 in position 0: invalid continuation byte
2024-01-31 09:16:35,626 - ERROR - Некорректный логин или пароль. Правила для логина и пароля не соблюдены.
2024-01-31 09:16:44,844 - ERROR - Некорректный логин или пароль. Правила для логина и пароля не соблюдены.
2024-01-31 09:16:46,666 - ERROR - Некорректный логин или пароль. Правила для логина и пароля не соблюдены.
2024-01-31 09:16:46,969 - ERROR - Некорректный логин или пароль. Правила для логина и пароля не соблюдены.
2024-01-31 09:16:47,348 - ERROR - Некорректный логин или пароль. Правила для логина и пароля не соблюдены.
2024-01-31 09:21:43,102 - ERROR - Общая ошибка: name 'view_transaction_history' is not defined
2024-01-31 09:22:04,624 - ERROR - Общая ошибка: name 'view_balance' is not defined
2024-01-31 09:25:14,871 - WARNING - Неверный выбор. Попробуйте еще раз.
2024-01-31 09:31:11,158 - ERROR - Некорректный логин или пароль
2024-01-31 09:35:04,152 - ERROR - Некорректный логин или пароль
2024-01-31 09:35:52,086 - ERROR - Неверный логин или пароль
2024-01-31 09:36:44,780 - WARNING - Сумма пополнения не может быть отрицательной
2024-01-31 09:42:36,355 - ERROR - Неверный логин или пароль
2024-01-31 09:52:06,275 - WARNING - Сумма перевода не может быть отрицательной
2024-01-31 09:53:10,725 - WARNING - Пользователь с логином -200 не найден.
2024-01-31 09:53:32,991 - ERROR - Неверный логин или пароль
2024-01-31 09:53:45,152 - WARNING - Пользователь с логином -200 не найден.
2024-01-31 10:01:11,993 - ERROR - Неверный логин или пароль
2024-01-31 10:01:25,110 - ERROR - Неверный логин или пароль
2024-01-31 10:02:21,499 - ERROR - Неверный логин или пароль
2024-01-31 10:03:11,633 - ERROR - Неверный логин или пароль
2024-01-31 10:03:42,970 - ERROR - Неверный логин или пароль
2024-01-31 10:04:08,679 - ERROR - Общая ошибка: invalid literal for int() with base 10: ''
2024-01-31 10:04:13,220 - WARNING - Сумма пополнения не может быть отрицательной
2024-01-31 10:04:16,825 - ERROR - Общая ошибка: invalid literal for int() with base 10: 'a'
2024-01-31 10:04:39,982 - WARNING - Сумма перевода не может быть отрицательной
2024-02-01 05:47:10,275 - ERROR - Неверный логин или пароль
2024-02-01 05:47:27,823 - ERROR - Неверный логин или пароль
2024-02-01 05:47:36,945 - ERROR - Неверный логин или пароль
2024-02-01 05:47:42,668 - ERROR - Неверный логин или пароль
2024-02-01 05:48:06,229 - ERROR - Неверный логин или пароль
2024-02-05 10:32:14,982 - ERROR - Ошибка при входе в систему: 'utf-8' codec can't decode byte 0xd1 in position 2: invalid continuation byte
2024-02-05 10:32:21,751 - ERROR - Неверный логин или пароль
2024-02-05 10:34:09,795 - WARNING - Сумма пополнения не может быть отрицательной
2024-02-05 10:40:10,980 - ERROR - Неверный логин или пароль
2024-02-06 05:54:22,968 - ERROR - Неверный логин или пароль
2024-02-06 05:54:35,576 - ERROR - Ошибка при регистрации пользователя: 'utf-8' codec can't decode byte 0xd0 in position 8: invalid continuation byte
2024-02-06 05:54:50,576 - ERROR - Неверный логин или пароль
2024-02-06 05:55:41,136 - WARNING - Сумма перевода не может быть отрицательной
2024-02-06 05:55:55,422 - WARNING - Неверный выбор. Попробуйте еще раз.
2024-02-06 05:55:57,257 - WARNING - Неверный выбор. Попробуйте еще раз.
2024-02-06 05:57:40,406 - ERROR - Ошибка при выполнении перевода: string indices must be integers
